{
  "numFailedTestSuites": 0,
  "numFailedTests": 0,
  "numPassedTestSuites": 2,
  "numPassedTests": 2,
  "numPendingTestSuites": 0,
  "numPendingTests": 0,
  "numRuntimeErrorTestSuites": 0,
  "numTodoTests": 0,
  "numTotalTestSuites": 2,
  "numTotalTests": 2,
  "openHandles": [],
  "snapshot": {
    "added": 0,
    "didUpdate": false,
    "failure": false,
    "filesAdded": 0,
    "filesRemoved": 0,
    "filesUnmatched": 0,
    "filesUpdated": 0,
    "matched": 0,
    "total": 0,
    "unchecked": 0,
    "uncheckedKeysByFile": [],
    "unmatched": 0,
    "updated": 0
  },
  "startTime": 1564732928834,
  "success": false,
  "testResults": [
    {
      "failureMessage": null,
      "numFailingTests": 0,
      "numPassingTests": 1,
      "numPendingTests": 0,
      "numTodoTests": 0,
      "perfStats": {
        "end": 1564732932215,
        "start": 1564732930721
      },
      "snapshot": {
        "added": 0,
        "fileDeleted": false,
        "matched": 0,
        "unchecked": 0,
        "unmatched": 0,
        "updated": 0,
        "uncheckedKeys": []
      },
      "testFilePath": "G:\\tjsglion\\react-project-demo\\tests\\unit\\sum.spec.ts",
      "testResults": [
        {
          "ancestorTitles": [],
          "duration": 3,
          "failureMessages": [],
          "fullName": "sum",
          "location": null,
          "numPassingAsserts": 0,
          "status": "passed",
          "title": "sum"
        }
      ],
      "skipped": false,
      "leaks": false
    },
    {
      "failureMessage": null,
      "numFailingTests": 0,
      "numPassingTests": 1,
      "numPendingTests": 0,
      "numTodoTests": 0,
      "perfStats": {
        "end": 1564732932859,
        "start": 1564732930727
      },
      "snapshot": {
        "added": 0,
        "fileDeleted": false,
        "matched": 0,
        "unchecked": 0,
        "unmatched": 0,
        "updated": 0,
        "uncheckedKeys": []
      },
      "testFilePath": "G:\\tjsglion\\react-project-demo\\tests\\e2e\\app.spec.tsx",
      "testResults": [
        {
          "ancestorTitles": [
            "jest e2e test"
          ],
          "duration": 28,
          "failureMessages": [],
          "fullName": "jest e2e test test",
          "location": null,
          "numPassingAsserts": 0,
          "status": "passed",
          "title": "test"
        }
      ],
      "skipped": false,
      "leaks": false
    }
  ],
  "wasInterrupted": false,
  "coverageMap": {
    "G:\\tjsglion\\react-project-demo\\src\\web\\components\\test.ts": {
      "path": "G:\\tjsglion\\react-project-demo\\src\\web\\components\\test.ts",
      "statementMap": {
        "0": {
          "start": {
            "line": 2,
            "column": 2
          },
          "end": {
            "line": 2,
            "column": 15
          }
        },
        "1": {
          "start": {
            "line": 1,
            "column": 0
          },
          "end": {
            "line": 1,
            "column": 24
          }
        }
      },
      "fnMap": {
        "0": {
          "name": "sum",
          "decl": {
            "start": {
              "line": 1,
              "column": 24
            },
            "end": {
              "line": 1,
              "column": 27
            }
          },
          "loc": {
            "start": {
              "line": 1,
              "column": 49
            },
            "end": {
              "line": 3,
              "column": 1
            }
          }
        }
      },
      "branchMap": {},
      "s": {
        "0": 1,
        "1": 1
      },
      "f": {
        "0": 1
      },
      "b": {}
    },
    "G:\\tjsglion\\react-project-demo\\src\\web\\components\\TestApp.tsx": {
      "path": "G:\\tjsglion\\react-project-demo\\src\\web\\components\\TestApp.tsx",
      "statementMap": {
        "0": {
          "start": {
            "line": 1,
            "column": 0
          },
          "end": {
            "line": 1,
            "column": 31
          }
        },
        "1": {
          "start": {
            "line": 3,
            "column": 12
          },
          "end": {
            "line": 14,
            "column": 1
          }
        },
        "2": {
          "start": {
            "line": 4,
            "column": 2
          },
          "end": {
            "line": 13,
            "column": 4
          }
        },
        "3": {
          "start": {
            "line": 16,
            "column": 0
          },
          "end": {
            "line": 16,
            "column": 19
          }
        }
      },
      "fnMap": {
        "0": {
          "name": "(anonymous_0)",
          "decl": {
            "start": {
              "line": 3,
              "column": 12
            },
            "end": {
              "line": 3,
              "column": null
            }
          },
          "loc": {
            "start": {
              "line": 3,
              "column": 12
            },
            "end": {
              "line": 14,
              "column": 1
            }
          }
        }
      },
      "branchMap": {},
      "s": {
        "0": 1,
        "1": 1,
        "2": 1,
        "3": 1
      },
      "f": {
        "0": 1
      },
      "b": {}
    }
  }
}